<?xml version="1.0" encoding="UTF-8" standalone="no"?>
<testsuite failures="0" name="cucumber.runtime.formatter.JUnitFormatter" skipped="0" tests="1" time="20.226627">
<testcase classname="Login into account" name="Log into account with correct details" time="20.226627">
<system-out><![CDATA[Given User navigates to stackoverflow website...............................passed
And User clicks on the login button on homepage.............................passed
And User enters valid username..............................................passed
And User enters valid password..............................................passed
When User clicks on the login button........................................passed
Then the user should be taken to the successful login page..................passed
]]></system-out>
</testcase>
</testsuite>
